#
# A fatal error has been detected by the Java Runtime Environment:
#
#  EXCEPTION_ACCESS_VIOLATION (0xc0000005) at pc=0x00007ff98d53a5a8, pid=16352, tid=13068
#
# JRE version: Java(TM) SE Runtime Environment (16.0.1+9) (build 16.0.1+9-24)
# Java VM: Java HotSpot(TM) 64-Bit Server VM (16.0.1+9-24, mixed mode, sharing, tiered, compressed oops, compressed class ptrs, g1 gc, windows-amd64)
# Problematic frame:
# V  [jvm.dll+0x23a5a8]
#
# No core dump will be written. Minidumps are not enabled by default on client versions of Windows
#
# If you would like to submit a bug report, please visit:
#   https://bugreport.java.com/bugreport/crash.jsp
#

---------------  S U M M A R Y ------------

Command Line: -XX:+ShowCodeDetailsInExceptionMessages -agentlib:jdwp=transport=dt_socket,suspend=y,address=localhost:53310 -javaagent:C:\Users\igoku\eclipse\java-2021-06\eclipse\configuration\org.eclipse.osgi\222\0\.cp\lib\javaagent-shaded.jar -Dfile.encoding=Cp1252 FileTransfer E:\Src.txt E:\new.txt

Host: AMD Ryzen 5 2500U with Radeon Vega Mobile Gfx  , 8 cores, 6G,  Windows 10 , 64 bit Build 19041 (10.0.19041.1202)
Time: Thu Oct 21 03:05:15 2021 India Standard Time elapsed time: 136.504120 seconds (0d 0h 2m 16s)

---------------  T H R E A D  ---------------

Current thread (0x0000026e618526c0):  VMThread "VM Thread" [stack: 0x000000700e900000,0x000000700ea00000] [id=13068]

Stack: [0x000000700e900000,0x000000700ea00000],  sp=0x000000700e9fe568,  free space=1017k
Native frames: (J=compiled Java code, j=interpreted, Vv=VM code, C=native code)
V  [jvm.dll+0x23a5a8]


siginfo: EXCEPTION_ACCESS_VIOLATION (0xc0000005), reading address 0x0000026e621d7668


Register to memory mapping:

RIP=0x00007ff98d53a5a8 jvm.dll
RAX=0x0000000000194100 is an unknown value
RBX=0x0000026e62042ef8 is pointing into metadata
RCX=0x0000026e62043568 is pointing into metadata
RDX=0x000000000000ca07 is an unknown value
RSP=0x000000700e9fe568 points into unknown readable memory: 0x00007ff98d53a62e | 2e a6 53 8d f9 7f 00 00
RBP=0x000000700e9fe6a0 points into unknown readable memory: 0x0000000800416470 | 70 64 41 00 08 00 00 00
RSI=0x0 is NULL
RDI=0x000000700e9fecb0 points into unknown readable memory: 0x00007ff98dc321e8 | e8 21 c3 8d f9 7f 00 00
R8 =0x0 is NULL
R9 =0x0000026e62042ef8 is pointing into metadata
R10=0x0 is NULL
R11=0x0000000047000000 is an unknown value
R12=0x00007ff98d300000 jvm.dll
R13=0x0000026e624d7fc8 points into unknown readable memory: 0x0000005a9868ef00 | 00 ef 68 98 5a 00 00 00
R14=0x0000026e62043466 is pointing into metadata
R15=0x000000000000006d is an unknown value


Registers:
RAX=0x0000000000194100, RBX=0x0000026e62042ef8, RCX=0x0000026e62043568, RDX=0x000000000000ca07
RSP=0x000000700e9fe568, RBP=0x000000700e9fe6a0, RSI=0x0000000000000000, RDI=0x000000700e9fecb0
R8 =0x0000000000000000, R9 =0x0000026e62042ef8, R10=0x0000000000000000, R11=0x0000000047000000
R12=0x00007ff98d300000, R13=0x0000026e624d7fc8, R14=0x0000026e62043466, R15=0x000000000000006d
RIP=0x00007ff98d53a5a8, EFLAGS=0x0000000000010216

Top of Stack: (sp=0x000000700e9fe568)
0x000000700e9fe568:   00007ff98d53a62e 000000700e9fe5f8
0x000000700e9fe578:   0000000000000000 0000000800410068
0x000000700e9fe588:   0000000000000000 000000700e9feb20
0x000000700e9fe598:   00007ff98d62d534 0000000000000001
0x000000700e9fe5a8:   0000000000000000 0000000000000000
0x000000700e9fe5b8:   0000000000000000 0000000000000000
0x000000700e9fe5c8:   0000000000000000 0000026e6269b2a0
0x000000700e9fe5d8:   00007ff90000000e 0000000000000000
0x000000700e9fe5e8:   000000700e9fe640 0000000000000002
0x000000700e9fe5f8:   0000026e6269b2a0 0000000b0000000a
0x000000700e9fe608:   000000000000000b 000000030000000e
0x000000700e9fe618:   0000000800410068 0000000000000000
0x000000700e9fe628:   0000000000000000 000000700e9fed80
0x000000700e9fe638:   00007ff98d9e55b2 4fffffff4fffffff
0x000000700e9fe648:   0000000000000000 0000000800410068
0x000000700e9fe658:   0000000000000000 0000000000000000 

Instructions: (pc=0x00007ff98d53a5a8)
0x00007ff98d53a4a8:   03 03 03 03 03 03 03 03 03 03 03 03 03 03 03 03
0x00007ff98d53a4b8:   03 03 03 03 03 03 03 03 03 03 03 03 03 03 03 03
0x00007ff98d53a4c8:   03 03 03 03 03 03 03 03 03 03 03 03 03 03 03 03
0x00007ff98d53a4d8:   03 03 03 03 03 03 03 03 03 03 03 03 03 03 03 03
0x00007ff98d53a4e8:   03 03 03 02 03 03 02 cc 48 89 5c 24 08 48 89 74
0x00007ff98d53a4f8:   24 10 57 48 83 ec 20 48 63 da 41 0f b6 f0 48 8b
0x00007ff98d53a508:   f9 85 d2 79 24 4c 8d 0d bc 92 69 00 ba b4 02 00
0x00007ff98d53a518:   00 4c 8d 05 e8 92 69 00 48 8d 0d 51 92 69 00 e8
0x00007ff98d53a528:   64 88 00 00 e8 0f de 42 00 40 84 f6 75 18 48 8b
0x00007ff98d53a538:   4f 10 48 85 c9 74 0f 48 8d 43 01 48 c1 e0 05 48
0x00007ff98d53a548:   8b 04 08 0f b7 d8 48 8b 74 24 38 48 63 c3 48 8b
0x00007ff98d53a558:   5c 24 30 0f b7 44 c7 48 48 83 c4 20 5f c3 cc cc
0x00007ff98d53a568:   cc cc cc cc cc cc cc cc 4c 8b c9 45 84 c0 75 41
0x00007ff98d53a578:   48 8b 49 10 48 85 c9 74 38 85 d2 79 19 f7 d2 8b
0x00007ff98d53a588:   c2 48 ff c0 48 c1 e0 05 48 8b 04 08 0f b7 c8 41
0x00007ff98d53a598:   0f b7 44 c9 4a c3 48 63 c2 48 ff c0 48 c1 e0 05
0x00007ff98d53a5a8:   48 8b 04 08 0f b7 d0 48 63 c2 41 0f b7 44 c1 4a
0x00007ff98d53a5b8:   c3 49 8b 41 08 4c 63 c2 42 0f b6 44 00 04 8d 48
0x00007ff98d53a5c8:   ef 80 f9 01 76 0e 3c 6a 74 0a 48 63 c2 41 0f b7
0x00007ff98d53a5d8:   44 c1 4a c3 43 0f b7 44 c1 4a c3 cc cc cc cc cc
0x00007ff98d53a5e8:   cc cc cc cc cc cc cc cc 40 53 48 83 ec 20 48 8b
0x00007ff98d53a5f8:   d9 e8 72 ff ff ff 48 63 d0 0f b7 44 d3 48 48 8b
0x00007ff98d53a608:   44 c3 48 48 83 c4 20 5b c3 cc cc cc cc cc cc cc
0x00007ff98d53a618:   cc cc cc cc cc cc cc cc 40 53 48 83 ec 20 48 8b
0x00007ff98d53a628:   d9 e8 42 ff ff ff 48 63 d0 0f b7 44 d3 4a 48 8b
0x00007ff98d53a638:   44 c3 48 48 83 c4 20 5b c3 cc cc cc cc cc cc cc
0x00007ff98d53a648:   cc cc cc cc cc cc cc cc 4c 8b d1 45 84 c9 75 28
0x00007ff98d53a658:   4c 8b 49 10 4d 85 c9 74 1f 45 85 c0 79 08 41 f7
0x00007ff98d53a668:   d0 41 8b c0 eb 03 49 63 c0 48 ff c0 48 c1 e0 05
0x00007ff98d53a678:   4a 8b 04 08 44 0f b7 c0 49 8b 42 08 49 63 c8 0f
0x00007ff98d53a688:   b6 4c 08 04 48 8b c2 88 0a c3 cc cc cc cc cc cc
0x00007ff98d53a698:   cc cc cc cc cc cc cc cc 40 56 57 41 54 41 56 41 


Stack slot to memory mapping:
stack at sp + 0 slots: 0x00007ff98d53a62e jvm.dll
stack at sp + 1 slots: 0x000000700e9fe5f8 points into unknown readable memory: 0x0000026e6269b2a0 | a0 b2 69 62 6e 02 00 00
stack at sp + 2 slots: 0x0 is NULL
stack at sp + 3 slots: 0x0000000800410068 is pointing into metadata
stack at sp + 4 slots: 0x0 is NULL
stack at sp + 5 slots: 0x000000700e9feb20 points into unknown readable memory: 0x0000026e620434d8 | d8 34 04 62 6e 02 00 00
stack at sp + 6 slots: 0x00007ff98d62d534 jvm.dll
stack at sp + 7 slots: 0x0000000000000001 is an unknown value

VM_Operation (0x000000700f4ff140): get/set locals, mode: safepoint, requested by thread 0x0000026e6258bc50


---------------  P R O C E S S  ---------------

Threads class SMR info:
_java_thread_list=0x0000026e62621310, length=19, elements={
0x0000026e4422bff0, 0x0000026e61858320, 0x0000026e618591e0, 0x0000026e6186ace0,
0x0000026e6186c800, 0x0000026e6186f120, 0x0000026e61877a40, 0x0000026e6187dc40,
0x0000026e6187e640, 0x0000026e61894790, 0x0000026e6183cb50, 0x0000026e6258bc50,
0x0000026e625b3460, 0x0000026e625b39a0, 0x0000026e62623dc0, 0x0000026e625b05b0,
0x0000026e62778420, 0x0000026e6263b1c0, 0x0000026e626354a0
}

Java Threads: ( => current thread )
  0x0000026e4422bff0 JavaThread "main" [_thread_blocked, id=11772, stack(0x000000700e300000,0x000000700e400000)]
  0x0000026e61858320 JavaThread "Reference Handler" daemon [_thread_blocked, id=11056, stack(0x000000700ea00000,0x000000700eb00000)]
  0x0000026e618591e0 JavaThread "Finalizer" daemon [_thread_blocked, id=14020, stack(0x000000700eb00000,0x000000700ec00000)]
  0x0000026e6186ace0 JavaThread "Signal Dispatcher" daemon [_thread_blocked, id=14444, stack(0x000000700ec00000,0x000000700ed00000)]
  0x0000026e6186c800 JavaThread "Attach Listener" daemon [_thread_blocked, id=11848, stack(0x000000700ed00000,0x000000700ee00000)]
  0x0000026e6186f120 JavaThread "Service Thread" daemon [_thread_blocked, id=2892, stack(0x000000700ee00000,0x000000700ef00000)]
  0x0000026e61877a40 JavaThread "Monitor Deflation Thread" daemon [_thread_blocked, id=10708, stack(0x000000700ef00000,0x000000700f000000)]
  0x0000026e6187dc40 JavaThread "C2 CompilerThread0" daemon [_thread_blocked, id=9044, stack(0x000000700f000000,0x000000700f100000)]
  0x0000026e6187e640 JavaThread "C1 CompilerThread0" daemon [_thread_blocked, id=3492, stack(0x000000700f100000,0x000000700f200000)]
  0x0000026e61894790 JavaThread "Sweeper thread" daemon [_thread_blocked, id=14472, stack(0x000000700f200000,0x000000700f300000)]
  0x0000026e6183cb50 JavaThread "Common-Cleaner" daemon [_thread_blocked, id=14120, stack(0x000000700f300000,0x000000700f400000)]
  0x0000026e6258bc50 JavaThread "JDWP Transport Listener: dt_socket" daemon [_thread_blocked, id=14976, stack(0x000000700f400000,0x000000700f500000)]
  0x0000026e625b3460 JavaThread "JDWP Event Helper Thread" daemon [_thread_blocked, id=2664, stack(0x000000700f500000,0x000000700f600000)]
  0x0000026e625b39a0 JavaThread "JDWP Command Reader" daemon [_thread_in_native, id=17076, stack(0x000000700f600000,0x000000700f700000)]
  0x0000026e62623dc0 JavaThread "Notification Thread" daemon [_thread_blocked, id=14116, stack(0x000000700f700000,0x000000700f800000)]
  0x0000026e625b05b0 JavaThread "Thread-0" [_thread_blocked, id=7880, stack(0x000000700f900000,0x000000700fa00000)]
  0x0000026e62778420 JavaThread "Thread-1" [_thread_blocked, id=10824, stack(0x000000700fa00000,0x000000700fb00000)]
  0x0000026e6263b1c0 JavaThread "Thread-2" [_thread_blocked, id=16148, stack(0x000000700fb00000,0x000000700fc00000)]
  0x0000026e626354a0 JavaThread "Thread-3" [_thread_blocked, id=1124, stack(0x000000700fc00000,0x000000700fd00000)]

Other Threads:
=>0x0000026e618526c0 VMThread "VM Thread" [stack: 0x000000700e900000,0x000000700ea00000] [id=13068]
  0x0000026e6263a8d0 WatcherThread [stack: 0x000000700f800000,0x000000700f900000] [id=14648]
  0x0000026e44267500 GCTaskThread "GC Thread#0" [stack: 0x000000700e400000,0x000000700e500000] [id=12320]
  0x0000026e442769e0 ConcurrentGCThread "G1 Main Marker" [stack: 0x000000700e500000,0x000000700e600000] [id=14328]
  0x0000026e44277450 ConcurrentGCThread "G1 Conc#0" [stack: 0x000000700e600000,0x000000700e700000] [id=10460]
  0x0000026e442f0f90 ConcurrentGCThread "G1 Refine#0" [stack: 0x000000700e700000,0x000000700e800000] [id=11464]
  0x0000026e442f1a10 ConcurrentGCThread "G1 Service" [stack: 0x000000700e800000,0x000000700e900000] [id=15996]

Threads with active compile tasks:

VM state: at safepoint (normal execution)

VM Mutex/Monitor currently owned by a thread:  ([mutex/lock_event])
[0x0000026e442269d0] Threads_lock - owner thread: 0x0000026e618526c0

Heap address: 0x0000000091800000, size: 1768 MB, Compressed Oops mode: 32-bit

CDS archive(s) mapped at: [0x0000000800000000-0x0000000800bb0000-0x0000000800bb0000), size 12255232, SharedBaseAddress: 0x0000000800000000, ArchiveRelocationMode: 0.
Compressed class space mapped at: 0x0000000800c00000-0x0000000840c00000, reserved size: 1073741824
Narrow klass base: 0x0000000800000000, Narrow klass shift: 3, Narrow klass range: 0x100000000

GC Precious Log:
 CPUs: 8 total, 8 available
 Memory: 7068M
 Large Page Support: Disabled
 NUMA Support: Disabled
 Compressed Oops: Enabled (32-bit)
 Heap Region Size: 1M
 Heap Min Capacity: 8M
 Heap Initial Capacity: 112M
 Heap Max Capacity: 1768M
 Pre-touch: Disabled
 Parallel Workers: 8
 Concurrent Workers: 2
 Concurrent Refinement Workers: 8
 Periodic GC: Disabled

Heap:
 garbage-first heap   total 114688K, used 6144K [0x0000000091800000, 0x0000000100000000)
  region size 1024K, 7 young (7168K), 0 survivors (0K)
 Metaspace       used 2665K, committed 2816K, reserved 1056768K
  class space    used 234K, committed 320K, reserved 1048576K

Heap Regions: E=young(eden), S=young(survivor), O=old, HS=humongous(starts), HC=humongous(continues), CS=collection set, F=free, OA=open archive, CA=closed archive, TAMS=top-at-mark-start (previous, next)
|   0|0x0000000091800000, 0x0000000091800000, 0x0000000091900000|  0%| F|  |TAMS 0x0000000091800000, 0x0000000091800000| Untracked 
|   1|0x0000000091900000, 0x0000000091900000, 0x0000000091a00000|  0%| F|  |TAMS 0x0000000091900000, 0x0000000091900000| Untracked 
|   2|0x0000000091a00000, 0x0000000091a00000, 0x0000000091b00000|  0%| F|  |TAMS 0x0000000091a00000, 0x0000000091a00000| Untracked 
|   3|0x0000000091b00000, 0x0000000091b00000, 0x0000000091c00000|  0%| F|  |TAMS 0x0000000091b00000, 0x0000000091b00000| Untracked 
|   4|0x0000000091c00000, 0x0000000091c00000, 0x0000000091d00000|  0%| F|  |TAMS 0x0000000091c00000, 0x0000000091c00000| Untracked 
|   5|0x0000000091d00000, 0x0000000091d00000, 0x0000000091e00000|  0%| F|  |TAMS 0x0000000091d00000, 0x0000000091d00000| Untracked 
|   6|0x0000000091e00000, 0x0000000091e00000, 0x0000000091f00000|  0%| F|  |TAMS 0x0000000091e00000, 0x0000000091e00000| Untracked 
|   7|0x0000000091f00000, 0x0000000091f00000, 0x0000000092000000|  0%| F|  |TAMS 0x0000000091f00000, 0x0000000091f00000| Untracked 
|   8|0x0000000092000000, 0x0000000092000000, 0x0000000092100000|  0%| F|  |TAMS 0x0000000092000000, 0x0000000092000000| Untracked 
|   9|0x0000000092100000, 0x0000000092100000, 0x0000000092200000|  0%| F|  |TAMS 0x0000000092100000, 0x0000000092100000| Untracked 
|  10|0x0000000092200000, 0x0000000092200000, 0x0000000092300000|  0%| F|  |TAMS 0x0000000092200000, 0x0000000092200000| Untracked 
|  11|0x0000000092300000, 0x0000000092300000, 0x0000000092400000|  0%| F|  |TAMS 0x0000000092300000, 0x0000000092300000| Untracked 
|  12|0x0000000092400000, 0x0000000092400000, 0x0000000092500000|  0%| F|  |TAMS 0x0000000092400000, 0x0000000092400000| Untracked 
|  13|0x0000000092500000, 0x0000000092500000, 0x0000000092600000|  0%| F|  |TAMS 0x0000000092500000, 0x0000000092500000| Untracked 
|  14|0x0000000092600000, 0x0000000092600000, 0x0000000092700000|  0%| F|  |TAMS 0x0000000092600000, 0x0000000092600000| Untracked 
|  15|0x0000000092700000, 0x0000000092700000, 0x0000000092800000|  0%| F|  |TAMS 0x0000000092700000, 0x0000000092700000| Untracked 
|  16|0x0000000092800000, 0x0000000092800000, 0x0000000092900000|  0%| F|  |TAMS 0x0000000092800000, 0x0000000092800000| Untracked 
|  17|0x0000000092900000, 0x0000000092900000, 0x0000000092a00000|  0%| F|  |TAMS 0x0000000092900000, 0x0000000092900000| Untracked 
|  18|0x0000000092a00000, 0x0000000092a00000, 0x0000000092b00000|  0%| F|  |TAMS 0x0000000092a00000, 0x0000000092a00000| Untracked 
|  19|0x0000000092b00000, 0x0000000092b00000, 0x0000000092c00000|  0%| F|  |TAMS 0x0000000092b00000, 0x0000000092b00000| Untracked 
|  20|0x0000000092c00000, 0x0000000092c00000, 0x0000000092d00000|  0%| F|  |TAMS 0x0000000092c00000, 0x0000000092c00000| Untracked 
|  21|0x0000000092d00000, 0x0000000092d00000, 0x0000000092e00000|  0%| F|  |TAMS 0x0000000092d00000, 0x0000000092d00000| Untracked 
|  22|0x0000000092e00000, 0x0000000092e00000, 0x0000000092f00000|  0%| F|  |TAMS 0x0000000092e00000, 0x0000000092e00000| Untracked 
|  23|0x0000000092f00000, 0x0000000092f00000, 0x0000000093000000|  0%| F|  |TAMS 0x0000000092f00000, 0x0000000092f00000| Untracked 
|  24|0x0000000093000000, 0x0000000093000000, 0x0000000093100000|  0%| F|  |TAMS 0x0000000093000000, 0x0000000093000000| Untracked 
|  25|0x0000000093100000, 0x0000000093100000, 0x0000000093200000|  0%| F|  |TAMS 0x0000000093100000, 0x0000000093100000| Untracked 
|  26|0x0000000093200000, 0x0000000093200000, 0x0000000093300000|  0%| F|  |TAMS 0x0000000093200000, 0x0000000093200000| Untracked 
|  27|0x0000000093300000, 0x0000000093300000, 0x0000000093400000|  0%| F|  |TAMS 0x0000000093300000, 0x0000000093300000| Untracked 
|  28|0x0000000093400000, 0x0000000093400000, 0x0000000093500000|  0%| F|  |TAMS 0x0000000093400000, 0x0000000093400000| Untracked 
|  29|0x0000000093500000, 0x0000000093500000, 0x0000000093600000|  0%| F|  |TAMS 0x0000000093500000, 0x0000000093500000| Untracked 
|  30|0x0000000093600000, 0x0000000093600000, 0x0000000093700000|  0%| F|  |TAMS 0x0000000093600000, 0x0000000093600000| Untracked 
|  31|0x0000000093700000, 0x0000000093700000, 0x0000000093800000|  0%| F|  |TAMS 0x0000000093700000, 0x0000000093700000| Untracked 
|  32|0x0000000093800000, 0x0000000093800000, 0x0000000093900000|  0%| F|  |TAMS 0x0000000093800000, 0x0000000093800000| Untracked 
|  33|0x0000000093900000, 0x0000000093900000, 0x0000000093a00000|  0%| F|  |TAMS 0x0000000093900000, 0x0000000093900000| Untracked 
|  34|0x0000000093a00000, 0x0000000093a00000, 0x0000000093b00000|  0%| F|  |TAMS 0x0000000093a00000, 0x0000000093a00000| Untracked 
|  35|0x0000000093b00000, 0x0000000093b00000, 0x0000000093c00000|  0%| F|  |TAMS 0x0000000093b00000, 0x0000000093b00000| Untracked 
|  36|0x0000000093c00000, 0x0000000093c00000, 0x0000000093d00000|  0%| F|  |TAMS 0x0000000093c00000, 0x0000000093c00000| Untracked 
|  37|0x0000000093d00000, 0x0000000093d00000, 0x0000000093e00000|  0%| F|  |TAMS 0x0000000093d00000, 0x0000000093d00000| Untracked 
|  38|0x0000000093e00000, 0x0000000093e00000, 0x0000000093f00000|  0%| F|  |TAMS 0x0000000093e00000, 0x0000000093e00000| Untracked 
|  39|0x0000000093f00000, 0x0000000093f00000, 0x0000000094000000|  0%| F|  |TAMS 0x0000000093f00000, 0x0000000093f00000| Untracked 
|  40|0x0000000094000000, 0x0000000094000000, 0x0000000094100000|  0%| F|  |TAMS 0x0000000094000000, 0x0000000094000000| Untracked 
|  41|0x0000000094100000, 0x0000000094100000, 0x0000000094200000|  0%| F|  |TAMS 0x0000000094100000, 0x0000000094100000| Untracked 
|  42|0x0000000094200000, 0x0000000094200000, 0x0000000094300000|  0%| F|  |TAMS 0x0000000094200000, 0x0000000094200000| Untracked 
|  43|0x0000000094300000, 0x0000000094300000, 0x0000000094400000|  0%| F|  |TAMS 0x0000000094300000, 0x0000000094300000| Untracked 
|  44|0x0000000094400000, 0x0000000094400000, 0x0000000094500000|  0%| F|  |TAMS 0x0000000094400000, 0x0000000094400000| Untracked 
|  45|0x0000000094500000, 0x0000000094500000, 0x0000000094600000|  0%| F|  |TAMS 0x0000000094500000, 0x0000000094500000| Untracked 
|  46|0x0000000094600000, 0x0000000094600000, 0x0000000094700000|  0%| F|  |TAMS 0x0000000094600000, 0x0000000094600000| Untracked 
|  47|0x0000000094700000, 0x0000000094700000, 0x0000000094800000|  0%| F|  |TAMS 0x0000000094700000, 0x0000000094700000| Untracked 
|  48|0x0000000094800000, 0x0000000094800000, 0x0000000094900000|  0%| F|  |TAMS 0x0000000094800000, 0x0000000094800000| Untracked 
|  49|0x0000000094900000, 0x0000000094900000, 0x0000000094a00000|  0%| F|  |TAMS 0x0000000094900000, 0x0000000094900000| Untracked 
|  50|0x0000000094a00000, 0x0000000094a00000, 0x0000000094b00000|  0%| F|  |TAMS 0x0000000094a00000, 0x0000000094a00000| Untracked 
|  51|0x0000000094b00000, 0x0000000094b00000, 0x0000000094c00000|  0%| F|  |TAMS 0x0000000094b00000, 0x0000000094b00000| Untracked 
|  52|0x0000000094c00000, 0x0000000094c00000, 0x0000000094d00000|  0%| F|  |TAMS 0x0000000094c00000, 0x0000000094c00000| Untracked 
|  53|0x0000000094d00000, 0x0000000094d00000, 0x0000000094e00000|  0%| F|  |TAMS 0x0000000094d00000, 0x0000000094d00000| Untracked 
|  54|0x0000000094e00000, 0x0000000094e00000, 0x0000000094f00000|  0%| F|  |TAMS 0x0000000094e00000, 0x0000000094e00000| Untracked 
|  55|0x0000000094f00000, 0x0000000094f00000, 0x0000000095000000|  0%| F|  |TAMS 0x0000000094f00000, 0x0000000094f00000| Untracked 
|  56|0x0000000095000000, 0x0000000095000000, 0x0000000095100000|  0%| F|  |TAMS 0x0000000095000000, 0x0000000095000000| Untracked 
|  57|0x0000000095100000, 0x0000000095100000, 0x0000000095200000|  0%| F|  |TAMS 0x0000000095100000, 0x0000000095100000| Untracked 
|  58|0x0000000095200000, 0x0000000095200000, 0x0000000095300000|  0%| F|  |TAMS 0x0000000095200000, 0x0000000095200000| Untracked 
|  59|0x0000000095300000, 0x0000000095300000, 0x0000000095400000|  0%| F|  |TAMS 0x0000000095300000, 0x0000000095300000| Untracked 
|  60|0x0000000095400000, 0x0000000095400000, 0x0000000095500000|  0%| F|  |TAMS 0x0000000095400000, 0x0000000095400000| Untracked 
|  61|0x0000000095500000, 0x0000000095500000, 0x0000000095600000|  0%| F|  |TAMS 0x0000000095500000, 0x0000000095500000| Untracked 
|  62|0x0000000095600000, 0x0000000095600000, 0x0000000095700000|  0%| F|  |TAMS 0x0000000095600000, 0x0000000095600000| Untracked 
|  63|0x0000000095700000, 0x0000000095700000, 0x0000000095800000|  0%| F|  |TAMS 0x0000000095700000, 0x0000000095700000| Untracked 
|  64|0x0000000095800000, 0x0000000095800000, 0x0000000095900000|  0%| F|  |TAMS 0x0000000095800000, 0x0000000095800000| Untracked 
|  65|0x0000000095900000, 0x0000000095900000, 0x0000000095a00000|  0%| F|  |TAMS 0x0000000095900000, 0x0000000095900000| Untracked 
|  66|0x0000000095a00000, 0x0000000095a00000, 0x0000000095b00000|  0%| F|  |TAMS 0x0000000095a00000, 0x0000000095a00000| Untracked 
|  67|0x0000000095b00000, 0x0000000095b00000, 0x0000000095c00000|  0%| F|  |TAMS 0x0000000095b00000, 0x0000000095b00000| Untracked 
|  68|0x0000000095c00000, 0x0000000095c00000, 0x0000000095d00000|  0%| F|  |TAMS 0x0000000095c00000, 0x0000000095c00000| Untracked 
|  69|0x0000000095d00000, 0x0000000095d00000, 0x0000000095e00000|  0%| F|  |TAMS 0x0000000095d00000, 0x0000000095d00000| Untracked 
|  70|0x0000000095e00000, 0x0000000095e00000, 0x0000000095f00000|  0%| F|  |TAMS 0x0000000095e00000, 0x0000000095e00000| Untracked 
|  71|0x0000000095f00000, 0x0000000095f00000, 0x0000000096000000|  0%| F|  |TAMS 0x0000000095f00000, 0x0000000095f00000| Untracked 
|  72|0x0000000096000000, 0x0000000096000000, 0x0000000096100000|  0%| F|  |TAMS 0x0000000096000000, 0x0000000096000000| Untracked 
|  73|0x0000000096100000, 0x0000000096100000, 0x0000000096200000|  0%| F|  |TAMS 0x0000000096100000, 0x0000000096100000| Untracked 
|  74|0x0000000096200000, 0x0000000096200000, 0x0000000096300000|  0%| F|  |TAMS 0x0000000096200000, 0x0000000096200000| Untracked 
|  75|0x0000000096300000, 0x0000000096300000, 0x0000000096400000|  0%| F|  |TAMS 0x0000000096300000, 0x0000000096300000| Untracked 
|  76|0x0000000096400000, 0x0000000096400000, 0x0000000096500000|  0%| F|  |TAMS 0x0000000096400000, 0x0000000096400000| Untracked 
|  77|0x0000000096500000, 0x0000000096500000, 0x0000000096600000|  0%| F|  |TAMS 0x0000000096500000, 0x0000000096500000| Untracked 
|  78|0x0000000096600000, 0x0000000096600000, 0x0000000096700000|  0%| F|  |TAMS 0x0000000096600000, 0x0000000096600000| Untracked 
|  79|0x0000000096700000, 0x0000000096700000, 0x0000000096800000|  0%| F|  |TAMS 0x0000000096700000, 0x0000000096700000| Untracked 
|  80|0x0000000096800000, 0x0000000096800000, 0x0000000096900000|  0%| F|  |TAMS 0x0000000096800000, 0x0000000096800000| Untracked 
|  81|0x0000000096900000, 0x0000000096900000, 0x0000000096a00000|  0%| F|  |TAMS 0x0000000096900000, 0x0000000096900000| Untracked 
|  82|0x0000000096a00000, 0x0000000096a00000, 0x0000000096b00000|  0%| F|  |TAMS 0x0000000096a00000, 0x0000000096a00000| Untracked 
|  83|0x0000000096b00000, 0x0000000096b00000, 0x0000000096c00000|  0%| F|  |TAMS 0x0000000096b00000, 0x0000000096b00000| Untracked 
|  84|0x0000000096c00000, 0x0000000096c00000, 0x0000000096d00000|  0%| F|  |TAMS 0x0000000096c00000, 0x0000000096c00000| Untracked 
|  85|0x0000000096d00000, 0x0000000096d00000, 0x0000000096e00000|  0%| F|  |TAMS 0x0000000096d00000, 0x0000000096d00000| Untracked 
|  86|0x0000000096e00000, 0x0000000096e00000, 0x0000000096f00000|  0%| F|  |TAMS 0x0000000096e00000, 0x0000000096e00000| Untracked 
|  87|0x0000000096f00000, 0x0000000096f00000, 0x0000000097000000|  0%| F|  |TAMS 0x0000000096f00000, 0x0000000096f00000| Untracked 
|  88|0x0000000097000000, 0x0000000097000000, 0x0000000097100000|  0%| F|  |TAMS 0x0000000097000000, 0x0000000097000000| Untracked 
|  89|0x0000000097100000, 0x0000000097100000, 0x0000000097200000|  0%| F|  |TAMS 0x0000000097100000, 0x0000000097100000| Untracked 
|  90|0x0000000097200000, 0x0000000097200000, 0x0000000097300000|  0%| F|  |TAMS 0x0000000097200000, 0x0000000097200000| Untracked 
|  91|0x0000000097300000, 0x0000000097300000, 0x0000000097400000|  0%| F|  |TAMS 0x0000000097300000, 0x0000000097300000| Untracked 
|  92|0x0000000097400000, 0x0000000097400000, 0x0000000097500000|  0%| F|  |TAMS 0x0000000097400000, 0x0000000097400000| Untracked 
|  93|0x0000000097500000, 0x0000000097500000, 0x0000000097600000|  0%| F|  |TAMS 0x0000000097500000, 0x0000000097500000| Untracked 
|  94|0x0000000097600000, 0x0000000097600000, 0x0000000097700000|  0%| F|  |TAMS 0x0000000097600000, 0x0000000097600000| Untracked 
|  95|0x0000000097700000, 0x0000000097700000, 0x0000000097800000|  0%| F|  |TAMS 0x0000000097700000, 0x0000000097700000| Untracked 
|  96|0x0000000097800000, 0x0000000097800000, 0x0000000097900000|  0%| F|  |TAMS 0x0000000097800000, 0x0000000097800000| Untracked 
|  97|0x0000000097900000, 0x0000000097900000, 0x0000000097a00000|  0%| F|  |TAMS 0x0000000097900000, 0x0000000097900000| Untracked 
|  98|0x0000000097a00000, 0x0000000097a00000, 0x0000000097b00000|  0%| F|  |TAMS 0x0000000097a00000, 0x0000000097a00000| Untracked 
|  99|0x0000000097b00000, 0x0000000097b00000, 0x0000000097c00000|  0%| F|  |TAMS 0x0000000097b00000, 0x0000000097b00000| Untracked 
| 100|0x0000000097c00000, 0x0000000097c00000, 0x0000000097d00000|  0%| F|  |TAMS 0x0000000097c00000, 0x0000000097c00000| Untracked 
| 101|0x0000000097d00000, 0x0000000097d00000, 0x0000000097e00000|  0%| F|  |TAMS 0x0000000097d00000, 0x0000000097d00000| Untracked 
| 102|0x0000000097e00000, 0x0000000097e00000, 0x0000000097f00000|  0%| F|  |TAMS 0x0000000097e00000, 0x0000000097e00000| Untracked 
| 103|0x0000000097f00000, 0x0000000097f00000, 0x0000000098000000|  0%| F|  |TAMS 0x0000000097f00000, 0x0000000097f00000| Untracked 
| 104|0x0000000098000000, 0x0000000098000000, 0x0000000098100000|  0%| F|  |TAMS 0x0000000098000000, 0x0000000098000000| Untracked 
| 105|0x0000000098100000, 0x0000000098101000, 0x0000000098200000|  0%| E|  |TAMS 0x0000000098100000, 0x0000000098100000| Complete 
| 106|0x0000000098200000, 0x0000000098300000, 0x0000000098300000|100%| E|CS|TAMS 0x0000000098200000, 0x0000000098200000| Complete 
| 107|0x0000000098300000, 0x0000000098400000, 0x0000000098400000|100%| E|CS|TAMS 0x0000000098300000, 0x0000000098300000| Complete 
| 108|0x0000000098400000, 0x0000000098500000, 0x0000000098500000|100%| E|CS|TAMS 0x0000000098400000, 0x0000000098400000| Complete 
| 109|0x0000000098500000, 0x0000000098600000, 0x0000000098600000|100%| E|CS|TAMS 0x0000000098500000, 0x0000000098500000| Complete 
| 110|0x0000000098600000, 0x0000000098700000, 0x0000000098700000|100%| E|CS|TAMS 0x0000000098600000, 0x0000000098600000| Complete 
| 111|0x0000000098700000, 0x0000000098800000, 0x0000000098800000|100%| E|CS|TAMS 0x0000000098700000, 0x0000000098700000| Complete 

Card table byte_map: [0x0000026e5b060000,0x0000026e5b3e0000] _byte_map_base: 0x0000026e5abd4000

Marking Bits (Prev, Next): (CMBitMap*) 0x0000026e44267b70, (CMBitMap*) 0x0000026e44267bb0
 Prev Bits: [0x0000026e5b760000, 0x0000026e5d300000)
 Next Bits: [0x0000026e5d300000, 0x0000026e5eea0000)

Polling page: 0x0000026e43a10000

Metaspace:

Usage:
  Non-class:      2.37 MB used.
      Class:    234.28 KB used.
       Both:      2.60 MB used.

Virtual space:
  Non-class space:        8.00 MB reserved,       2.44 MB ( 30%) committed,  1 nodes.
      Class space:        1.00 GB reserved,     320.00 KB ( <1%) committed,  1 nodes.
              Both:        1.01 GB reserved,       2.75 MB ( <1%) committed. 

Chunk freelists:
   Non-Class:  3.72 MB
       Class:  3.72 MB
        Both:  7.44 MB

MaxMetaspaceSize: 17179869184.00 GB
CompressedClassSpaceSize: 1.00 GB
 - commit_granule_bytes: 65536.
 - commit_granule_words: 8192.
 - virtual_space_node_default_size: 1048576.
 - enlarge_chunks_in_place: 1.
 - new_chunks_are_fully_committed: 0.
 - uncommit_free_chunks: 1.
 - use_allocation_guard: 0.
 - handle_deallocations: 1.


Internal statistics:

num_allocs_failed_limit: 0.
num_arena_births: 10.
num_arena_deaths: 0.
num_vsnodes_births: 2.
num_vsnodes_deaths: 0.
num_space_committed: 44.
num_space_uncommitted: 0.
num_chunks_returned_to_freelist: 0.
num_chunks_taken_from_freelist: 35.
num_chunk_merges: 0.
num_chunk_splits: 17.
num_chunks_enlarged: 10.
num_purges: 0.

CodeHeap 'non-profiled nmethods': size=120000Kb used=127Kb max_used=127Kb free=119872Kb
 bounds [0x0000026e53480000, 0x0000026e536f0000, 0x0000026e5a9b0000]
CodeHeap 'profiled nmethods': size=120000Kb used=540Kb max_used=540Kb free=119459Kb
 bounds [0x0000026e4bf50000, 0x0000026e4c1c0000, 0x0000026e53480000]
CodeHeap 'non-nmethods': size=5760Kb used=1213Kb max_used=1229Kb free=4546Kb
 bounds [0x0000026e4b9b0000, 0x0000026e4bc20000, 0x0000026e4bf50000]
 total_blobs=824 nmethods=402 adapters=335
 compilation: enabled
              stopped_count=0, restarted_count=0
 full_count=0

Compilation events (20 events):
Event: 0.682 Thread 0x0000026e6187e640  395       3       java.lang.Character::toLowerCase (9 bytes)
Event: 0.683 Thread 0x0000026e6187e640 nmethod 395 0x0000026e4bfd5b10 code [0x0000026e4bfd5cc0, 0x0000026e4bfd5eb8]
Event: 0.684 Thread 0x0000026e6187e640  396       1       java.net.URL::getRef (5 bytes)
Event: 0.684 Thread 0x0000026e6187e640 nmethod 396 0x0000026e5349ee10 code [0x0000026e5349efa0, 0x0000026e5349f078]
Event: 0.684 Thread 0x0000026e6187e640  397       1       java.net.URL::getPath (5 bytes)
Event: 0.685 Thread 0x0000026e6187e640 nmethod 397 0x0000026e5349f110 code [0x0000026e5349f2a0, 0x0000026e5349f378]
Event: 0.685 Thread 0x0000026e6187e640  398       3       org.eclipse.jdt.launching.internal.org.objectweb.asm.SymbolTable::addConstantUtf8 (98 bytes)
Event: 0.686 Thread 0x0000026e6187e640 nmethod 398 0x0000026e4bfd5f90 code [0x0000026e4bfd61c0, 0x0000026e4bfd67d8]
Event: 0.686 Thread 0x0000026e6187e640  399       1       org.eclipse.jdt.launching.internal.org.objectweb.asm.SymbolTable::getMajorVersion (5 bytes)
Event: 0.686 Thread 0x0000026e6187e640 nmethod 399 0x0000026e5349f410 code [0x0000026e5349f5a0, 0x0000026e5349f678]
Event: 14.212 Thread 0x0000026e6187e640  400       1       java.net.URL::getAuthority (5 bytes)
Event: 14.212 Thread 0x0000026e6187dc40  402       4       org.eclipse.jdt.launching.internal.org.objectweb.asm.ClassReader::getItem (7 bytes)
Event: 14.212 Thread 0x0000026e6187e640 nmethod 400 0x0000026e5349f710 code [0x0000026e5349f8a0, 0x0000026e5349f978]
Event: 14.212 Thread 0x0000026e6187e640  401       1       java.net.URL::getQuery (5 bytes)
Event: 14.212 Thread 0x0000026e6187e640 nmethod 401 0x0000026e5349fa10 code [0x0000026e5349fba0, 0x0000026e5349fc78]
Event: 14.217 Thread 0x0000026e6187dc40 

Event: 134.669 Thread 0x0000026e6187e640  403       3       org.eclipse.jdt.launching.internal.org.objectweb.asm.ClassReader::readClass (7 bytes)
Event: 134.673 Thread 0x0000026e6187e640 

Event: 134.673 Thread 0x0000026e6187e640  404       3       org.eclipse.jdt.launching.internal.org.objectweb.asm.ClassReader::readStringish (16 bytes)
Event: 134.674 Thread 0x0000026e6187e640 nmethod 404 0x0000026e4bfd6b10 code [0x0000026e4bfd6ce0, 0x0000026e4bfd7008]

GC Heap History (0 events):
No events

Deoptimization events (20 events):
Event: 0.591 Thread 0x0000026e4422bff0 DEOPT PACKING pc=0x0000026e4bfbabdb sp=0x000000700e3f7fc0
Event: 0.591 Thread 0x0000026e4422bff0 DEOPT UNPACKING pc=0x0000026e4b9fdece sp=0x000000700e3f7428 mode 0
Event: 0.591 Thread 0x0000026e4422bff0 DEOPT PACKING pc=0x0000026e4bfbabdb sp=0x000000700e3f7fc0
Event: 0.591 Thread 0x0000026e4422bff0 DEOPT UNPACKING pc=0x0000026e4b9fdece sp=0x000000700e3f7428 mode 0
Event: 0.594 Thread 0x0000026e4422bff0 DEOPT PACKING pc=0x0000026e4bfbabdb sp=0x000000700e3f7fc0
Event: 0.594 Thread 0x0000026e4422bff0 DEOPT UNPACKING pc=0x0000026e4b9fdece sp=0x000000700e3f7428 mode 0
Event: 0.595 Thread 0x0000026e4422bff0 DEOPT PACKING pc=0x0000026e4bfbabdb sp=0x000000700e3f7fc0
Event: 0.595 Thread 0x0000026e4422bff0 DEOPT UNPACKING pc=0x0000026e4b9fdece sp=0x000000700e3f7428 mode 0
Event: 0.595 Thread 0x0000026e4422bff0 DEOPT PACKING pc=0x0000026e4bfbabdb sp=0x000000700e3f7fc0
Event: 0.595 Thread 0x0000026e4422bff0 DEOPT UNPACKING pc=0x0000026e4b9fdece sp=0x000000700e3f7428 mode 0
Event: 0.595 Thread 0x0000026e4422bff0 DEOPT PACKING pc=0x0000026e4bfbabdb sp=0x000000700e3f7fc0
Event: 0.596 Thread 0x0000026e4422bff0 DEOPT UNPACKING pc=0x0000026e4b9fdece sp=0x000000700e3f7428 mode 0
Event: 0.603 Thread 0x0000026e4422bff0 DEOPT PACKING pc=0x0000026e4bfbabdb sp=0x000000700e3fb9f0
Event: 0.603 Thread 0x0000026e4422bff0 DEOPT UNPACKING pc=0x0000026e4b9fdece sp=0x000000700e3fae58 mode 0
Event: 0.603 Thread 0x0000026e4422bff0 DEOPT PACKING pc=0x0000026e4bfbabdb sp=0x000000700e3fb9f0
Event: 0.603 Thread 0x0000026e4422bff0 DEOPT UNPACKING pc=0x0000026e4b9fdece sp=0x000000700e3fae58 mode 0
Event: 0.604 Thread 0x0000026e4422bff0 DEOPT PACKING pc=0x0000026e4bfbabdb sp=0x000000700e3fb9f0
Event: 0.604 Thread 0x0000026e4422bff0 DEOPT UNPACKING pc=0x0000026e4b9fdece sp=0x000000700e3fae58 mode 0
Event: 0.608 Thread 0x0000026e4422bff0 DEOPT PACKING pc=0x0000026e4bfbabdb sp=0x000000700e3f7f40
Event: 0.608 Thread 0x0000026e4422bff0 DEOPT UNPACKING pc=0x0000026e4b9fdece sp=0x000000700e3f73a8 mode 0

Classes unloaded (0 events):
No events

Classes redefined (2 events):
Event: 14.214 Thread 0x0000026e618526c0 redefined class name=Reader, count=1
Event: 134.671 Thread 0x0000026e618526c0 redefined class name=Reader, count=2

Internal exceptions (1 events):
Event: 0.533 Thread 0x0000026e4422bff0 Exception <a 'java/lang/NoSuchMethodError'{0x00000000984f4158}: 'java.lang.Object java.lang.invoke.DirectMethodHandle$Holder.invokeStatic(java.lang.Object)'> (0x00000000984f4158) 
thrown [t:\workspace\open\src\hotspot\share\interpreter\linkResolver.cpp, line 790]

Events (20 events):
Event: 81.861 Executing  VM operation: ChangeSingleStep done
Event: 81.861 Executing  VM operation: ChangeSingleStep
Event: 81.861 Executing  VM operation: ChangeSingleStep done
Event: 81.863 Executing  VM operation: ChangeSingleStep
Event: 81.863 Executing  VM operation: ChangeSingleStep done
Event: 81.864 Executing  VM operation: get/set locals
Event: 81.864 Executing  VM operation: get/set locals done
Event: 81.867 Executing  VM operation: ChangeSingleStep
Event: 81.867 Executing  VM operation: ChangeSingleStep done
Event: 81.881 Executing  VM operation: get/set locals
Event: 81.882 Executing  VM operation: get/set locals done
Event: 134.669 Executing  VM operation: RedefineClasses
Event: 134.673 Executing  VM operation: RedefineClasses done
Event: 134.683 Executing  VM operation: ChangeBreakpoints
Event: 134.683 Executing  VM operation: ChangeBreakpoints done
Event: 134.691 Executing  VM operation: ChangeBreakpoints
Event: 134.692 Executing  VM operation: ChangeBreakpoints done
Event: 134.700 Executing  VM operation: ChangeBreakpoints
Event: 134.701 Executing  VM operation: ChangeBreakpoints done
Event: 134.777 Executing  VM operation: get/set locals


Dynamic libraries:
0x00007ff66b950000 - 0x00007ff66b960000 	C:\Program Files\Java\jdk-16.0.1\bin\javaw.exe
0x00007ff9f5150000 - 0x00007ff9f5345000 	C:\Windows\SYSTEM32\ntdll.dll
0x00007ff9f3c40000 - 0x00007ff9f3cfe000 	C:\Windows\System32\KERNEL32.DLL
0x00007ff9f28d0000 - 0x00007ff9f2b99000 	C:\Windows\System32\KERNELBASE.dll
0x00007ff9f3050000 - 0x00007ff9f3150000 	C:\Windows\System32\ucrtbase.dll
0x00007ff9ed3b0000 - 0x00007ff9ed3c8000 	C:\Program Files\Java\jdk-16.0.1\bin\jli.dll
0x00007ff9ec000000 - 0x00007ff9ec019000 	C:\Program Files\Java\jdk-16.0.1\bin\VCRUNTIME140.dll
0x00007ff9f4bb0000 - 0x00007ff9f4c5c000 	C:\Windows\System32\ADVAPI32.dll
0x00007ff9f4d20000 - 0x00007ff9f4dbe000 	C:\Windows\System32\msvcrt.dll
0x00007ff9f3b10000 - 0x00007ff9f3bab000 	C:\Windows\System32\sechost.dll
0x00007ff9f4fe0000 - 0x00007ff9f510a000 	C:\Windows\System32\RPCRT4.dll
0x00007ff9f31d0000 - 0x00007ff9f3371000 	C:\Windows\System32\USER32.dll
0x00007ff9def40000 - 0x00007ff9df1da000 	C:\Windows\WinSxS\amd64_microsoft.windows.common-controls_6595b64144ccf1df_6.0.19041.1110_none_60b5254171f9507e\COMCTL32.dll
0x00007ff9f2c40000 - 0x00007ff9f2c62000 	C:\Windows\System32\win32u.dll
0x00007ff9f31a0000 - 0x00007ff9f31cb000 	C:\Windows\System32\GDI32.dll
0x00007ff9f2f40000 - 0x00007ff9f304b000 	C:\Windows\System32\gdi32full.dll
0x00007ff9f2ba0000 - 0x00007ff9f2c3d000 	C:\Windows\System32\msvcp_win.dll
0x00007ff9eba30000 - 0x00007ff9eba3a000 	C:\Windows\SYSTEM32\VERSION.dll
0x00007ff9f3380000 - 0x00007ff9f33b0000 	C:\Windows\System32\IMM32.DLL
0x00007ff9ee480000 - 0x00007ff9ee48c000 	C:\Program Files\Java\jdk-16.0.1\bin\vcruntime140_1.dll
0x00007ff9cf6c0000 - 0x00007ff9cf751000 	C:\Program Files\Java\jdk-16.0.1\bin\msvcp140.dll
0x00007ff98d300000 - 0x00007ff98deab000 	C:\Program Files\Java\jdk-16.0.1\bin\server\jvm.dll
0x00007ff9f4ad0000 - 0x00007ff9f4ad8000 	C:\Windows\System32\PSAPI.DLL
0x00007ff9e3960000 - 0x00007ff9e3969000 	C:\Windows\SYSTEM32\WSOCK32.dll
0x00007ff9e7290000 - 0x00007ff9e72b7000 	C:\Windows\SYSTEM32\WINMM.dll
0x00007ff9f4f70000 - 0x00007ff9f4fdb000 	C:\Windows\System32\WS2_32.dll
0x00007ff9f0730000 - 0x00007ff9f0742000 	C:\Windows\SYSTEM32\kernel.appcore.dll
0x00007ff9ee430000 - 0x00007ff9ee43a000 	C:\Program Files\Java\jdk-16.0.1\bin\jimage.dll
0x00007ff9e02e0000 - 0x00007ff9e04c4000 	C:\Windows\SYSTEM32\DBGHELP.DLL
0x00007ff9dfe60000 - 0x00007ff9dfe8c000 	C:\Windows\SYSTEM32\dbgcore.DLL
0x00007ff9f2e00000 - 0x00007ff9f2e83000 	C:\Windows\System32\bcryptPrimitives.dll
0x00007ff9cffe0000 - 0x00007ff9d001b000 	C:\Program Files\Java\jdk-16.0.1\bin\jdwp.dll
0x00007ff9ee540000 - 0x00007ff9ee54e000 	C:\Program Files\Java\jdk-16.0.1\bin\instrument.dll
0x00007ff9cf690000 - 0x00007ff9cf6b5000 	C:\Program Files\Java\jdk-16.0.1\bin\java.dll
0x00007ff9f3d00000 - 0x00007ff9f443f000 	C:\Windows\System32\SHELL32.dll
0x00007ff9f0930000 - 0x00007ff9f10c0000 	C:\Windows\SYSTEM32\windows.storage.dll
0x00007ff9f3460000 - 0x00007ff9f37b5000 	C:\Windows\System32\combase.dll
0x00007ff9f2160000 - 0x00007ff9f218c000 	C:\Windows\SYSTEM32\Wldp.dll
0x00007ff9f37c0000 - 0x00007ff9f386e000 	C:\Windows\System32\SHCORE.dll
0x00007ff9f4cc0000 - 0x00007ff9f4d15000 	C:\Windows\System32\shlwapi.dll
0x00007ff9f27b0000 - 0x00007ff9f27cf000 	C:\Windows\SYSTEM32\profapi.dll
0x00007ff9ebf60000 - 0x00007ff9ebf6c000 	C:\Program Files\Java\jdk-16.0.1\bin\dt_socket.dll
0x00007ff9f1c00000 - 0x00007ff9f1c3b000 	C:\Windows\SYSTEM32\IPHLPAPI.DLL
0x00007ff9f1ef0000 - 0x00007ff9f1f5a000 	C:\Windows\system32\mswsock.dll
0x00007ff9f1c40000 - 0x00007ff9f1d0c000 	C:\Windows\SYSTEM32\DNSAPI.dll
0x00007ff9f3870000 - 0x00007ff9f3878000 	C:\Windows\System32\NSI.dll
0x00007ff9eb4e0000 - 0x00007ff9eb4ea000 	C:\Windows\System32\rasadhlp.dll
0x00007ff9e6fe0000 - 0x00007ff9e705f000 	C:\Windows\System32\fwpuclnt.dll
0x00007ff9f2c70000 - 0x00007ff9f2c97000 	C:\Windows\System32\bcrypt.dll
0x00007ff9d1bc0000 - 0x00007ff9d1bd8000 	C:\Program Files\Java\jdk-16.0.1\bin\zip.dll
0x00007ff9ebb00000 - 0x00007ff9ebb19000 	C:\Program Files\Java\jdk-16.0.1\bin\net.dll
0x00007ff9eac80000 - 0x00007ff9ead88000 	C:\Windows\SYSTEM32\WINHTTP.dll
0x00007ff9d6dd0000 - 0x00007ff9d6de3000 	C:\Program Files\Java\jdk-16.0.1\bin\nio.dll
0x00007ff9e9460000 - 0x00007ff9e9470000 	C:\Program Files\Java\jdk-16.0.1\bin\verify.dll

dbghelp: loaded successfully - version: 4.0.5 - missing functions: none
symbol engine: initialized successfully - sym options: 0x614 - pdb path: .;C:\Program Files\Java\jdk-16.0.1\bin;C:\Windows\SYSTEM32;C:\Windows\WinSxS\amd64_microsoft.windows.common-controls_6595b64144ccf1df_6.0.19041.1110_none_60b5254171f9507e;C:\Program Files\Java\jdk-16.0.1\bin\server

VM Arguments:
jvm_args: -XX:+ShowCodeDetailsInExceptionMessages -agentlib:jdwp=transport=dt_socket,suspend=y,address=localhost:53310 -javaagent:C:\Users\igoku\eclipse\java-2021-06\eclipse\configuration\org.eclipse.osgi\222\0\.cp\lib\javaagent-shaded.jar -Dfile.encoding=Cp1252 
java_command: FileTransfer E:\Src.txt E:\new.txt
java_class_path (initial): G:\Program\Java\Multithreaded-File-Transfer
Launcher Type: SUN_STANDARD

[Global flags]
     intx CICompilerCount                          = 4                                         {product} {ergonomic}
     uint ConcGCThreads                            = 2                                         {product} {ergonomic}
     uint G1ConcRefinementThreads                  = 8                                         {product} {ergonomic}
   size_t G1HeapRegionSize                         = 1048576                                   {product} {ergonomic}
    uintx GCDrainStackTargetSize                   = 64                                        {product} {ergonomic}
   size_t InitialHeapSize                          = 117440512                                 {product} {ergonomic}
   size_t MarkStackSize                            = 4194304                                   {product} {ergonomic}
   size_t MaxHeapSize                              = 1853882368                                {product} {ergonomic}
   size_t MaxNewSize                               = 1111490560                                {product} {ergonomic}
   size_t MinHeapDeltaBytes                        = 1048576                                   {product} {ergonomic}
   size_t MinHeapSize                              = 8388608                                   {product} {ergonomic}
    uintx NonNMethodCodeHeapSize                   = 5839372                                {pd product} {ergonomic}
    uintx NonProfiledCodeHeapSize                  = 122909434                              {pd product} {ergonomic}
    uintx ProfiledCodeHeapSize                     = 122909434                              {pd product} {ergonomic}
    uintx ReservedCodeCacheSize                    = 251658240                              {pd product} {ergonomic}
     bool SegmentedCodeCache                       = true                                      {product} {ergonomic}
     bool ShowCodeDetailsInExceptionMessages       = true                                   {manageable} {command line}
   size_t SoftMaxHeapSize                          = 1853882368                             {manageable} {ergonomic}
     bool UseCompressedClassPointers               = true                           {product lp64_product} {ergonomic}
     bool UseCompressedOops                        = true                           {product lp64_product} {ergonomic}
     bool UseG1GC                                  = true                                      {product} {ergonomic}
     bool UseLargePagesIndividualAllocation        = false                                  {pd product} {ergonomic}

Logging:
Log output configuration:
 #0: stdout all=warning uptime,level,tags
 #1: stderr all=off uptime,level,tags

Environment Variables:
JAVA_HOME=C:\Program Files\Java\jdk-16.0.1
CLASSPATH=C:\Program Files\Java\mysql-connector-java-8.0.24.jar;
PATH=C:\Program Files\Common Files\Oracle\Java\javapath;C:\Python39\Scripts\;C:\Python39\;C:\Windows\system32;C:\Windows;C:\Windows\System32\Wbem;C:\Windows\System32\WindowsPowerShell\v1.0\;C:\Windows\System32\OpenSSH\;C:\TDM-GCC-64\bin;C:\Program Files\Microsoft SQL Server\Client SDK\ODBC\170\Tools\Binn\;C:\Program Files (x86)\Microsoft SQL Server\150\Tools\Binn\;C:\Program Files\Microsoft SQL Server\150\Tools\Binn\;C:\Program Files\Microsoft SQL Server\150\DTS\Binn\;C:\Program Files (x86)\Microsoft SQL Server\150\DTS\Binn\;C:\ProgramData\chocolatey\bin;C:\Program Files\Java\jdk-16.0.1\bin;C:\Program Files\nodejs\;C:\Program Files\Git\cmd;C:\Program Files\MySQL\MySQL Shell 8.0\bin\;C:\GnuWin32\bin;C:\Users\igoku\AppData\Local\Microsoft\WindowsApps;C:\Users\igoku\AppData\Local\Programs\Microsoft VS Code\bin;C:\Program Files\heroku\bin;C:\Program Files\Azure Data Studio\bin;C:\Program Files\JetBrains\IntelliJ IDEA Community Edition 2020.3.2\bin;;C:\Flutter\flutter\bin;C:\Program Files (x86)\platform-tools;C:\Users\igoku\AppData\Local\GitHubDesktop\bin;C:\Program Files\Java\mysql-connector-java-8.0.24.jar;\servlet-api.jar;C:\Program Files\Apache Software Foundation\Tomcat 9.0\bin;C:\Program Files\Java\mysql-connector-java-8.0.24.jar;\servlet-api.jar;C:\Program Files\Java\jdk-16.0.1\bin;C:\Users\igoku\AppData\Roaming\npm
USERNAME=igoku
OS=Windows_NT
PROCESSOR_IDENTIFIER=AMD64 Family 23 Model 17 Stepping 0, AuthenticAMD



---------------  S Y S T E M  ---------------

OS:
 Windows 10 , 64 bit Build 19041 (10.0.19041.1202)
OS uptime: 0 days 14:09 hours
Hyper-V role detected

CPU: total 8 (initial active 8) (8 cores per cpu, 2 threads per core) family 23 model 17 stepping 0 microcode 0x0, cx8, cmov, fxsr, ht, mmx, 3dnowpref, sse, sse2, sse3, ssse3, sse4a, sse4.1, sse4.2, popcnt, lzcnt, tsc, tscinvbit, avx, avx2, aes, clmul, bmi1, bmi2, adx, sha, fma, vzeroupper, clflush, clflushopt, hv

Memory: 4k page, system-wide physical 7068M (1083M free)
TotalPageFile size 14236M (AvailPageFile size 2309M)
current process WorkingSet (physical memory assigned to process): 41M, peak: 42M
current process commit charge ("private bytes"): 197M, peak: 198M

vm_info: Java HotSpot(TM) 64-Bit Server VM (16.0.1+9-24) for windows-amd64 JRE (16.0.1+9-24), built on Mar 26 2021 19:31:42 by "mach5one" with MS VC++ 16.7 (VS2019)

END.
